<?xml version="1.0" encoding="UTF-8"?>
<coverage generated="1759676297268" clover="3.2.0">
  <project timestamp="1759676297268" name="All files">
    <metrics statements="94" coveredstatements="85" conditionals="46" coveredconditionals="39" methods="37" coveredmethods="34" elements="177" coveredelements="158" complexity="0" loc="94" ncloc="94" packages="5" files="7" classes="7"/>
    <package name="features.auth.screens">
      <metrics statements="38" coveredstatements="34" conditionals="26" coveredconditionals="21" methods="7" coveredmethods="7"/>
      <file name="SignInScreen.tsx" path="/Users/dharapatel/Documents/GitHub/Ride-Share-/src/features/auth/screens/SignInScreen.tsx">
        <metrics statements="38" coveredstatements="34" conditionals="26" coveredconditionals="21" methods="7" coveredmethods="7"/>
        <line num="11" count="1" type="stmt"/>
        <line num="12" count="11" type="stmt"/>
        <line num="13" count="13" type="stmt"/>
        <line num="17" count="11" type="cond" truecount="1" falsecount="1"/>
        <line num="18" count="11" type="stmt"/>
        <line num="19" count="11" type="stmt"/>
        <line num="20" count="11" type="stmt"/>
        <line num="21" count="11" type="stmt"/>
        <line num="22" count="11" type="stmt"/>
        <line num="24" count="11" type="stmt"/>
        <line num="25" count="3" type="stmt"/>
        <line num="26" count="3" type="cond" truecount="4" falsecount="0"/>
        <line num="27" count="1" type="stmt"/>
        <line num="28" count="1" type="stmt"/>
        <line num="31" count="2" type="cond" truecount="2" falsecount="0"/>
        <line num="32" count="1" type="stmt"/>
        <line num="33" count="1" type="stmt"/>
        <line num="36" count="1" type="stmt"/>
        <line num="37" count="1" type="stmt"/>
        <line num="38" count="1" type="stmt"/>
        <line num="39" count="1" type="stmt"/>
        <line num="40" count="1" type="stmt"/>
        <line num="41" count="1" type="stmt"/>
        <line num="42" count="1" type="stmt"/>
        <line num="44" count="0" type="stmt"/>
        <line num="48" count="11" type="cond" truecount="2" falsecount="0"/>
        <line num="50" count="11" type="stmt"/>
        <line num="62" count="3" type="stmt"/>
        <line num="63" count="3" type="cond" truecount="1" falsecount="1"/>
        <line num="64" count="0" type="stmt"/>
        <line num="83" count="33" type="stmt"/>
        <line num="87" count="1" type="stmt"/>
        <line num="88" count="1" type="cond" truecount="1" falsecount="1"/>
        <line num="89" count="0" type="stmt"/>
        <line num="111" count="1" type="stmt"/>
        <line num="112" count="1" type="cond" truecount="1" falsecount="1"/>
        <line num="113" count="0" type="stmt"/>
        <line num="133" count="1" type="stmt"/>
      </file>
    </package>
    <package name="features.rides.screens">
      <metrics statements="28" coveredstatements="26" conditionals="18" coveredconditionals="16" methods="15" coveredmethods="14"/>
      <file name="HomeScreen.tsx" path="/Users/dharapatel/Documents/GitHub/Ride-Share-/src/features/rides/screens/HomeScreen.tsx">
        <metrics statements="28" coveredstatements="26" conditionals="18" coveredconditionals="16" methods="15" coveredmethods="14"/>
        <line num="15" count="3" type="stmt"/>
        <line num="20" count="3" type="stmt"/>
        <line num="29" count="3" type="stmt"/>
        <line num="34" count="3" type="stmt"/>
        <line num="35" count="7" type="stmt"/>
        <line num="36" count="8" type="stmt"/>
        <line num="37" count="9" type="stmt"/>
        <line num="38" count="9" type="stmt"/>
        <line num="40" count="7" type="stmt"/>
        <line num="41" count="7" type="stmt"/>
        <line num="43" count="7" type="stmt"/>
        <line num="44" count="7" type="stmt"/>
        <line num="45" count="6" type="cond" truecount="1" falsecount="1"/>
        <line num="49" count="7" type="stmt"/>
        <line num="51" count="7" type="cond" truecount="2" falsecount="0"/>
        <line num="53" count="7" type="stmt"/>
        <line num="54" count="1" type="cond" truecount="1" falsecount="1"/>
        <line num="55" count="0" type="stmt"/>
        <line num="58" count="1" type="stmt"/>
        <line num="64" count="1" type="stmt"/>
        <line num="68" count="7" type="stmt"/>
        <line num="78" count="14" type="stmt"/>
        <line num="81" count="1" type="stmt"/>
        <line num="112" count="14" type="stmt"/>
        <line num="115" count="0" type="stmt"/>
        <line num="141" count="14" type="stmt"/>
        <line num="144" count="1" type="stmt"/>
        <line num="163" count="3" type="stmt"/>
      </file>
    </package>
    <package name="navigation">
      <metrics statements="9" coveredstatements="9" conditionals="0" coveredconditionals="0" methods="6" coveredmethods="6"/>
      <file name="MainTabs.tsx" path="/Users/dharapatel/Documents/GitHub/Ride-Share-/src/navigation/MainTabs.tsx">
        <metrics statements="9" coveredstatements="9" conditionals="0" coveredconditionals="0" methods="6" coveredmethods="6"/>
        <line num="12" count="2" type="stmt"/>
        <line num="14" count="2" type="stmt"/>
        <line num="22" count="2" type="stmt"/>
        <line num="23" count="2" type="stmt"/>
        <line num="29" count="1" type="stmt"/>
        <line num="39" count="1" type="stmt"/>
        <line num="49" count="1" type="stmt"/>
        <line num="59" count="1" type="stmt"/>
        <line num="69" count="1" type="stmt"/>
      </file>
    </package>
    <package name="services.api">
      <metrics statements="14" coveredstatements="11" conditionals="2" coveredconditionals="2" methods="5" coveredmethods="3"/>
      <file name="client.ts" path="/Users/dharapatel/Documents/GitHub/Ride-Share-/src/services/api/client.ts">
        <metrics statements="3" coveredstatements="0" conditionals="0" coveredconditionals="0" methods="2" coveredmethods="0"/>
        <line num="2" count="0" type="stmt"/>
        <line num="4" count="0" type="stmt"/>
        <line num="7" count="0" type="stmt"/>
      </file>
      <file name="maps.ts" path="/Users/dharapatel/Documents/GitHub/Ride-Share-/src/services/api/maps.ts">
        <metrics statements="7" coveredstatements="7" conditionals="2" coveredconditionals="2" methods="1" coveredmethods="1"/>
        <line num="8" count="1" type="stmt"/>
        <line num="23" count="1" type="stmt"/>
        <line num="24" count="2" type="stmt"/>
        <line num="25" count="2" type="stmt"/>
        <line num="26" count="2" type="cond" truecount="2" falsecount="0"/>
        <line num="27" count="1" type="stmt"/>
        <line num="29" count="1" type="stmt"/>
      </file>
      <file name="profile.ts" path="/Users/dharapatel/Documents/GitHub/Ride-Share-/src/services/api/profile.ts">
        <metrics statements="4" coveredstatements="4" conditionals="0" coveredconditionals="0" methods="2" coveredmethods="2"/>
        <line num="6" count="1" type="stmt"/>
        <line num="7" count="1" type="stmt"/>
        <line num="10" count="1" type="stmt"/>
        <line num="11" count="1" type="stmt"/>
      </file>
    </package>
    <package name="store">
      <metrics statements="5" coveredstatements="5" conditionals="0" coveredconditionals="0" methods="4" coveredmethods="4"/>
      <file name="useProfileStore.ts" path="/Users/dharapatel/Documents/GitHub/Ride-Share-/src/store/useProfileStore.ts">
        <metrics statements="5" coveredstatements="5" conditionals="0" coveredconditionals="0" methods="4" coveredmethods="4"/>
        <line num="13" count="5" type="stmt"/>
        <line num="18" count="5" type="stmt"/>
        <line num="20" count="4" type="stmt"/>
        <line num="21" count="3" type="stmt"/>
        <line num="22" count="1" type="stmt"/>
      </file>
    </package>
  </project>
</coverage>
