<?xml version="1.0" encoding="UTF-8"?>
<coverage generated="1759685797487" clover="3.2.0">
  <project timestamp="1759685797487" name="All files">
    <metrics statements="112" coveredstatements="101" conditionals="64" coveredconditionals="54" methods="41" coveredmethods="36" elements="217" coveredelements="191" complexity="0" loc="112" ncloc="112" packages="5" files="7" classes="7"/>
    <package name="features.auth.screens">
      <metrics statements="54" coveredstatements="49" conditionals="42" coveredconditionals="35" methods="11" coveredmethods="9"/>
      <file name="SignInScreen.tsx" path="/Users/dharapatel/Documents/GitHub/Ride-Share-/src/features/auth/screens/SignInScreen.tsx">
        <metrics statements="54" coveredstatements="49" conditionals="42" coveredconditionals="35" methods="11" coveredmethods="9"/>
        <line num="11" count="1" type="stmt"/>
        <line num="12" count="19" type="stmt"/>
        <line num="13" count="23" type="stmt"/>
        <line num="17" count="19" type="cond" truecount="1" falsecount="1"/>
        <line num="18" count="19" type="stmt"/>
        <line num="19" count="19" type="stmt"/>
        <line num="20" count="19" type="stmt"/>
        <line num="21" count="19" type="stmt"/>
        <line num="22" count="19" type="stmt"/>
        <line num="23" count="19" type="stmt"/>
        <line num="24" count="19" type="stmt"/>
        <line num="26" count="19" type="stmt"/>
        <line num="27" count="4" type="stmt"/>
        <line num="28" count="4" type="cond" truecount="4" falsecount="0"/>
        <line num="29" count="1" type="stmt"/>
        <line num="30" count="1" type="stmt"/>
        <line num="33" count="3" type="cond" truecount="2" falsecount="0"/>
        <line num="34" count="1" type="stmt"/>
        <line num="35" count="1" type="stmt"/>
        <line num="38" count="2" type="stmt"/>
        <line num="39" count="2" type="stmt"/>
        <line num="40" count="2" type="stmt"/>
        <line num="41" count="2" type="stmt"/>
        <line num="42" count="2" type="stmt"/>
        <line num="43" count="2" type="stmt"/>
        <line num="44" count="2" type="stmt"/>
        <line num="45" count="2" type="stmt"/>
        <line num="46" count="1" type="stmt"/>
        <line num="47" count="1" type="stmt"/>
        <line num="48" count="1" type="stmt"/>
        <line num="50" count="1" type="stmt"/>
        <line num="54" count="19" type="stmt"/>
        <line num="55" count="6" type="cond" truecount="2" falsecount="0"/>
        <line num="56" count="5" type="stmt"/>
        <line num="58" count="1" type="stmt"/>
        <line num="59" count="0" type="cond" truecount="0" falsecount="2"/>
        <line num="62" count="1" type="stmt"/>
        <line num="65" count="19" type="cond" truecount="2" falsecount="0"/>
        <line num="66" count="19" type="cond" truecount="2" falsecount="0"/>
        <line num="71" count="19" type="cond" truecount="2" falsecount="0"/>
        <line num="73" count="19" type="stmt"/>
        <line num="85" count="4" type="stmt"/>
        <line num="86" count="4" type="cond" truecount="1" falsecount="1"/>
        <line num="87" count="0" type="stmt"/>
        <line num="106" count="57" type="stmt"/>
        <line num="110" count="2" type="stmt"/>
        <line num="111" count="2" type="cond" truecount="1" falsecount="1"/>
        <line num="112" count="0" type="stmt"/>
        <line num="134" count="2" type="stmt"/>
        <line num="135" count="2" type="cond" truecount="1" falsecount="1"/>
        <line num="136" count="0" type="stmt"/>
        <line num="138" count="2" type="cond" truecount="1" falsecount="1"/>
        <line num="139" count="0" type="stmt"/>
        <line num="166" count="1" type="stmt"/>
      </file>
    </package>
    <package name="features.rides.screens">
      <metrics statements="30" coveredstatements="27" conditionals="20" coveredconditionals="17" methods="15" coveredmethods="14"/>
      <file name="HomeScreen.tsx" path="/Users/dharapatel/Documents/GitHub/Ride-Share-/src/features/rides/screens/HomeScreen.tsx">
        <metrics statements="30" coveredstatements="27" conditionals="20" coveredconditionals="17" methods="15" coveredmethods="14"/>
        <line num="14" count="3" type="stmt"/>
        <line num="19" count="3" type="stmt"/>
        <line num="28" count="3" type="stmt"/>
        <line num="33" count="3" type="stmt"/>
        <line num="34" count="7" type="stmt"/>
        <line num="35" count="8" type="stmt"/>
        <line num="36" count="9" type="stmt"/>
        <line num="37" count="9" type="stmt"/>
        <line num="39" count="7" type="stmt"/>
        <line num="40" count="7" type="stmt"/>
        <line num="42" count="7" type="stmt"/>
        <line num="43" count="7" type="stmt"/>
        <line num="44" count="6" type="cond" truecount="1" falsecount="1"/>
        <line num="48" count="7" type="stmt"/>
        <line num="50" count="7" type="cond" truecount="2" falsecount="0"/>
        <line num="52" count="7" type="stmt"/>
        <line num="53" count="1" type="cond" truecount="1" falsecount="1"/>
        <line num="54" count="0" type="stmt"/>
        <line num="57" count="1" type="stmt"/>
        <line num="63" count="1" type="cond" truecount="1" falsecount="1"/>
        <line num="64" count="1" type="stmt"/>
        <line num="66" count="0" type="stmt"/>
        <line num="72" count="7" type="stmt"/>
        <line num="82" count="14" type="stmt"/>
        <line num="85" count="1" type="stmt"/>
        <line num="116" count="14" type="stmt"/>
        <line num="119" count="0" type="stmt"/>
        <line num="145" count="14" type="stmt"/>
        <line num="148" count="1" type="stmt"/>
        <line num="162" count="3" type="stmt"/>
      </file>
    </package>
    <package name="navigation">
      <metrics statements="9" coveredstatements="9" conditionals="0" coveredconditionals="0" methods="6" coveredmethods="6"/>
      <file name="MainTabs.tsx" path="/Users/dharapatel/Documents/GitHub/Ride-Share-/src/navigation/MainTabs.tsx">
        <metrics statements="9" coveredstatements="9" conditionals="0" coveredconditionals="0" methods="6" coveredmethods="6"/>
        <line num="10" count="2" type="stmt"/>
        <line num="12" count="2" type="stmt"/>
        <line num="20" count="2" type="stmt"/>
        <line num="21" count="2" type="stmt"/>
        <line num="27" count="1" type="stmt"/>
        <line num="37" count="1" type="stmt"/>
        <line num="47" count="1" type="stmt"/>
        <line num="57" count="1" type="stmt"/>
        <line num="67" count="1" type="stmt"/>
      </file>
    </package>
    <package name="services.api">
      <metrics statements="14" coveredstatements="11" conditionals="2" coveredconditionals="2" methods="5" coveredmethods="3"/>
      <file name="client.ts" path="/Users/dharapatel/Documents/GitHub/Ride-Share-/src/services/api/client.ts">
        <metrics statements="3" coveredstatements="0" conditionals="0" coveredconditionals="0" methods="2" coveredmethods="0"/>
        <line num="2" count="0" type="stmt"/>
        <line num="4" count="0" type="stmt"/>
        <line num="7" count="0" type="stmt"/>
      </file>
      <file name="maps.ts" path="/Users/dharapatel/Documents/GitHub/Ride-Share-/src/services/api/maps.ts">
        <metrics statements="7" coveredstatements="7" conditionals="2" coveredconditionals="2" methods="1" coveredmethods="1"/>
        <line num="8" count="1" type="stmt"/>
        <line num="23" count="1" type="stmt"/>
        <line num="24" count="2" type="stmt"/>
        <line num="25" count="2" type="stmt"/>
        <line num="26" count="2" type="cond" truecount="2" falsecount="0"/>
        <line num="27" count="1" type="stmt"/>
        <line num="29" count="1" type="stmt"/>
      </file>
      <file name="profile.ts" path="/Users/dharapatel/Documents/GitHub/Ride-Share-/src/services/api/profile.ts">
        <metrics statements="4" coveredstatements="4" conditionals="0" coveredconditionals="0" methods="2" coveredmethods="2"/>
        <line num="6" count="1" type="stmt"/>
        <line num="7" count="1" type="stmt"/>
        <line num="10" count="1" type="stmt"/>
        <line num="11" count="1" type="stmt"/>
      </file>
    </package>
    <package name="store">
      <metrics statements="5" coveredstatements="5" conditionals="0" coveredconditionals="0" methods="4" coveredmethods="4"/>
      <file name="useProfileStore.ts" path="/Users/dharapatel/Documents/GitHub/Ride-Share-/src/store/useProfileStore.ts">
        <metrics statements="5" coveredstatements="5" conditionals="0" coveredconditionals="0" methods="4" coveredmethods="4"/>
        <line num="13" count="5" type="stmt"/>
        <line num="18" count="5" type="stmt"/>
        <line num="20" count="5" type="stmt"/>
        <line num="21" count="4" type="stmt"/>
        <line num="22" count="1" type="stmt"/>
      </file>
    </package>
  </project>
</coverage>
