{"/Users/dharapatel/Documents/GitHub/Ride-Share-/src/features/auth/screens/SignInScreen.tsx": {"path":"/Users/dharapatel/Documents/GitHub/Ride-Share-/src/features/auth/screens/SignInScreen.tsx","statementMap":{"0":{"start":{"line":11,"column":21},"end":{"line":164,"column":1}},"1":{"start":{"line":12,"column":69},"end":{"line":12,"column":78}},"2":{"start":{"line":13,"column":37},"end":{"line":16,"column":5}},"3":{"start":{"line":13,"column":65},"end":{"line":16,"column":3}},"4":{"start":{"line":17,"column":28},"end":{"line":17,"column":56}},"5":{"start":{"line":18,"column":39},"end":{"line":18,"column":51}},"6":{"start":{"line":19,"column":35},"end":{"line":19,"column":70}},"7":{"start":{"line":20,"column":28},"end":{"line":20,"column":57}},"8":{"start":{"line":21,"column":46},"end":{"line":21,"column":75}},"9":{"start":{"line":22,"column":52},"end":{"line":22,"column":63}},"10":{"start":{"line":23,"column":44},"end":{"line":23,"column":73}},"11":{"start":{"line":24,"column":40},"end":{"line":24,"column":69}},"12":{"start":{"line":26,"column":25},"end":{"line":52,"column":3}},"13":{"start":{"line":27,"column":28},"end":{"line":27,"column":43}},"14":{"start":{"line":28,"column":4},"end":{"line":31,"column":5}},"15":{"start":{"line":29,"column":6},"end":{"line":29,"column":72}},"16":{"start":{"line":30,"column":6},"end":{"line":30,"column":13}},"17":{"start":{"line":33,"column":4},"end":{"line":36,"column":5}},"18":{"start":{"line":34,"column":6},"end":{"line":34,"column":73}},"19":{"start":{"line":35,"column":6},"end":{"line":35,"column":13}},"20":{"start":{"line":38,"column":4},"end":{"line":51,"column":5}},"21":{"start":{"line":39,"column":6},"end":{"line":39,"column":29}},"22":{"start":{"line":40,"column":6},"end":{"line":40,"column":27}},"23":{"start":{"line":41,"column":6},"end":{"line":41,"column":35}},"24":{"start":{"line":42,"column":6},"end":{"line":42,"column":24}},"25":{"start":{"line":43,"column":6},"end":{"line":43,"column":21}},"26":{"start":{"line":44,"column":6},"end":{"line":44,"column":30}},"27":{"start":{"line":45,"column":6},"end":{"line":45,"column":34}},"28":{"start":{"line":46,"column":6},"end":{"line":46,"column":63}},"29":{"start":{"line":47,"column":6},"end":{"line":47,"column":31}},"30":{"start":{"line":48,"column":6},"end":{"line":48,"column":52}},"31":{"start":{"line":50,"column":6},"end":{"line":50,"column":39}},"32":{"start":{"line":54,"column":2},"end":{"line":63,"column":26}},"33":{"start":{"line":55,"column":4},"end":{"line":57,"column":5}},"34":{"start":{"line":56,"column":6},"end":{"line":56,"column":13}},"35":{"start":{"line":58,"column":23},"end":{"line":60,"column":12}},"36":{"start":{"line":59,"column":6},"end":{"line":59,"column":65}},"37":{"start":{"line":59,"column":38},"end":{"line":59,"column":62}},"38":{"start":{"line":62,"column":4},"end":{"line":62,"column":43}},"39":{"start":{"line":62,"column":17},"end":{"line":62,"column":42}},"40":{"start":{"line":65,"column":18},"end":{"line":65,"column":36}},"41":{"start":{"line":66,"column":20},"end":{"line":70,"column":34}},"42":{"start":{"line":71,"column":27},"end":{"line":71,"column":65}},"43":{"start":{"line":73,"column":2},"end":{"line":163,"column":4}},"44":{"start":{"line":85,"column":12},"end":{"line":85,"column":36}},"45":{"start":{"line":86,"column":12},"end":{"line":88,"column":13}},"46":{"start":{"line":87,"column":14},"end":{"line":87,"column":37}},"47":{"start":{"line":106,"column":12},"end":{"line":124,"column":31}},"48":{"start":{"line":110,"column":16},"end":{"line":110,"column":42}},"49":{"start":{"line":111,"column":16},"end":{"line":113,"column":17}},"50":{"start":{"line":112,"column":18},"end":{"line":112,"column":39}},"51":{"start":{"line":134,"column":10},"end":{"line":134,"column":26}},"52":{"start":{"line":135,"column":10},"end":{"line":137,"column":11}},"53":{"start":{"line":136,"column":12},"end":{"line":136,"column":27}},"54":{"start":{"line":138,"column":10},"end":{"line":140,"column":11}},"55":{"start":{"line":139,"column":12},"end":{"line":139,"column":36}},"56":{"start":{"line":166,"column":15},"end":{"line":243,"column":2}}},"fnMap":{"0":{"name":"(anonymous_0)","decl":{"start":{"line":11,"column":21},"end":{"line":11,"column":22}},"loc":{"start":{"line":11,"column":48},"end":{"line":164,"column":1}},"line":11},"1":{"name":"(anonymous_1)","decl":{"start":{"line":13,"column":53},"end":{"line":13,"column":54}},"loc":{"start":{"line":13,"column":65},"end":{"line":16,"column":3}},"line":13},"2":{"name":"(anonymous_2)","decl":{"start":{"line":26,"column":25},"end":{"line":26,"column":26}},"loc":{"start":{"line":26,"column":37},"end":{"line":52,"column":3}},"line":26},"3":{"name":"(anonymous_3)","decl":{"start":{"line":54,"column":12},"end":{"line":54,"column":13}},"loc":{"start":{"line":54,"column":18},"end":{"line":63,"column":3}},"line":54},"4":{"name":"(anonymous_4)","decl":{"start":{"line":58,"column":35},"end":{"line":58,"column":36}},"loc":{"start":{"line":58,"column":41},"end":{"line":60,"column":5}},"line":58},"5":{"name":"(anonymous_5)","decl":{"start":{"line":59,"column":27},"end":{"line":59,"column":28}},"loc":{"start":{"line":59,"column":38},"end":{"line":59,"column":62}},"line":59},"6":{"name":"(anonymous_6)","decl":{"start":{"line":62,"column":11},"end":{"line":62,"column":12}},"loc":{"start":{"line":62,"column":17},"end":{"line":62,"column":42}},"line":62},"7":{"name":"(anonymous_7)","decl":{"start":{"line":84,"column":24},"end":{"line":84,"column":25}},"loc":{"start":{"line":84,"column":35},"end":{"line":89,"column":11}},"line":84},"8":{"name":"(anonymous_8)","decl":{"start":{"line":105,"column":16},"end":{"line":105,"column":17}},"loc":{"start":{"line":106,"column":12},"end":{"line":124,"column":31}},"line":106},"9":{"name":"(anonymous_9)","decl":{"start":{"line":109,"column":23},"end":{"line":109,"column":24}},"loc":{"start":{"line":109,"column":29},"end":{"line":114,"column":15}},"line":109},"10":{"name":"(anonymous_10)","decl":{"start":{"line":133,"column":22},"end":{"line":133,"column":23}},"loc":{"start":{"line":133,"column":33},"end":{"line":141,"column":9}},"line":133}},"branchMap":{"0":{"loc":{"start":{"line":17,"column":37},"end":{"line":17,"column":55}},"type":"binary-expr","locations":[{"start":{"line":17,"column":37},"end":{"line":17,"column":49}},{"start":{"line":17,"column":53},"end":{"line":17,"column":55}}],"line":17},"1":{"loc":{"start":{"line":28,"column":4},"end":{"line":31,"column":5}},"type":"if","locations":[{"start":{"line":28,"column":4},"end":{"line":31,"column":5}},{"start":{},"end":{}}],"line":28},"2":{"loc":{"start":{"line":28,"column":8},"end":{"line":28,"column":65}},"type":"binary-expr","locations":[{"start":{"line":28,"column":8},"end":{"line":28,"column":34}},{"start":{"line":28,"column":38},"end":{"line":28,"column":65}}],"line":28},"3":{"loc":{"start":{"line":33,"column":4},"end":{"line":36,"column":5}},"type":"if","locations":[{"start":{"line":33,"column":4},"end":{"line":36,"column":5}},{"start":{},"end":{}}],"line":33},"4":{"loc":{"start":{"line":55,"column":4},"end":{"line":57,"column":5}},"type":"if","locations":[{"start":{"line":55,"column":4},"end":{"line":57,"column":5}},{"start":{},"end":{}}],"line":55},"5":{"loc":{"start":{"line":59,"column":38},"end":{"line":59,"column":62}},"type":"cond-expr","locations":[{"start":{"line":59,"column":50},"end":{"line":59,"column":51}},{"start":{"line":59,"column":54},"end":{"line":59,"column":62}}],"line":59},"6":{"loc":{"start":{"line":65,"column":18},"end":{"line":65,"column":36}},"type":"binary-expr","locations":[{"start":{"line":65,"column":18},"end":{"line":65,"column":23}},{"start":{"line":65,"column":27},"end":{"line":65,"column":36}}],"line":65},"7":{"loc":{"start":{"line":66,"column":20},"end":{"line":70,"column":34}},"type":"cond-expr","locations":[{"start":{"line":67,"column":6},"end":{"line":67,"column":16}},{"start":{"line":68,"column":6},"end":{"line":70,"column":34}}],"line":66},"8":{"loc":{"start":{"line":68,"column":6},"end":{"line":70,"column":34}},"type":"cond-expr","locations":[{"start":{"line":69,"column":10},"end":{"line":69,"column":43}},{"start":{"line":70,"column":10},"end":{"line":70,"column":34}}],"line":68},"9":{"loc":{"start":{"line":71,"column":27},"end":{"line":71,"column":65}},"type":"binary-expr","locations":[{"start":{"line":71,"column":27},"end":{"line":71,"column":40}},{"start":{"line":71,"column":44},"end":{"line":71,"column":65}}],"line":71},"10":{"loc":{"start":{"line":86,"column":12},"end":{"line":88,"column":13}},"type":"if","locations":[{"start":{"line":86,"column":12},"end":{"line":88,"column":13}},{"start":{},"end":{}}],"line":86},"11":{"loc":{"start":{"line":94,"column":9},"end":{"line":94,"column":81}},"type":"cond-expr","locations":[{"start":{"line":94,"column":25},"end":{"line":94,"column":74}},{"start":{"line":94,"column":77},"end":{"line":94,"column":81}}],"line":94},"12":{"loc":{"start":{"line":108,"column":44},"end":{"line":108,"column":94}},"type":"binary-expr","locations":[{"start":{"line":108,"column":44},"end":{"line":108,"column":64}},{"start":{"line":108,"column":68},"end":{"line":108,"column":94}}],"line":108},"13":{"loc":{"start":{"line":111,"column":16},"end":{"line":113,"column":17}},"type":"if","locations":[{"start":{"line":111,"column":16},"end":{"line":113,"column":17}},{"start":{},"end":{}}],"line":111},"14":{"loc":{"start":{"line":120,"column":50},"end":{"line":120,"column":104}},"type":"binary-expr","locations":[{"start":{"line":120,"column":50},"end":{"line":120,"column":70}},{"start":{"line":120,"column":74},"end":{"line":120,"column":104}}],"line":120},"15":{"loc":{"start":{"line":127,"column":9},"end":{"line":127,"column":77}},"type":"cond-expr","locations":[{"start":{"line":127,"column":23},"end":{"line":127,"column":70}},{"start":{"line":127,"column":73},"end":{"line":127,"column":77}}],"line":127},"16":{"loc":{"start":{"line":135,"column":10},"end":{"line":137,"column":11}},"type":"if","locations":[{"start":{"line":135,"column":10},"end":{"line":137,"column":11}},{"start":{},"end":{}}],"line":135},"17":{"loc":{"start":{"line":138,"column":10},"end":{"line":140,"column":11}},"type":"if","locations":[{"start":{"line":138,"column":10},"end":{"line":140,"column":11}},{"start":{},"end":{}}],"line":138},"18":{"loc":{"start":{"line":146,"column":7},"end":{"line":146,"column":67}},"type":"cond-expr","locations":[{"start":{"line":146,"column":17},"end":{"line":146,"column":60}},{"start":{"line":146,"column":63},"end":{"line":146,"column":67}}],"line":146},"19":{"loc":{"start":{"line":147,"column":7},"end":{"line":147,"column":83}},"type":"cond-expr","locations":[{"start":{"line":147,"column":24},"end":{"line":147,"column":76}},{"start":{"line":147,"column":79},"end":{"line":147,"column":83}}],"line":147},"20":{"loc":{"start":{"line":148,"column":7},"end":{"line":152,"column":14}},"type":"cond-expr","locations":[{"start":{"line":149,"column":8},"end":{"line":151,"column":15}},{"start":{"line":152,"column":10},"end":{"line":152,"column":14}}],"line":148}},"s":{"0":1,"1":19,"2":19,"3":23,"4":19,"5":19,"6":19,"7":19,"8":19,"9":19,"10":19,"11":19,"12":19,"13":4,"14":4,"15":1,"16":1,"17":3,"18":1,"19":1,"20":2,"21":2,"22":2,"23":2,"24":2,"25":2,"26":2,"27":2,"28":1,"29":1,"30":1,"31":1,"32":19,"33":6,"34":5,"35":1,"36":0,"37":0,"38":1,"39":1,"40":19,"41":19,"42":19,"43":19,"44":4,"45":4,"46":0,"47":57,"48":2,"49":2,"50":0,"51":2,"52":2,"53":0,"54":2,"55":0,"56":1},"f":{"0":19,"1":23,"2":4,"3":6,"4":0,"5":0,"6":1,"7":4,"8":57,"9":2,"10":2},"b":{"0":[19,0],"1":[1,3],"2":[4,3],"3":[1,2],"4":[5,1],"5":[0,0],"6":[19,18],"7":[1,18],"8":[1,17],"9":[19,18],"10":[0,4],"11":[1,18],"12":[57,8],"13":[0,2],"14":[57,8],"15":[1,18],"16":[0,2],"17":[0,2],"18":[1,18],"19":[1,18],"20":[1,18]},"_coverageSchema":"1a1c01bbd47fc00a2c39e90264f33305004495a9","hash":"3f818fc84fbfb28d05daed4a79d4ef290ff9507a"}
,"/Users/dharapatel/Documents/GitHub/Ride-Share-/src/features/rides/screens/HomeScreen.tsx": {"path":"/Users/dharapatel/Documents/GitHub/Ride-Share-/src/features/rides/screens/HomeScreen.tsx","statementMap":{"0":{"start":{"line":14,"column":23},"end":{"line":17,"column":10}},"1":{"start":{"line":19,"column":20},"end":{"line":22,"column":1}},"2":{"start":{"line":28,"column":21},"end":{"line":31,"column":1}},"3":{"start":{"line":33,"column":19},"end":{"line":160,"column":1}},"4":{"start":{"line":34,"column":21},"end":{"line":34,"column":48}},"5":{"start":{"line":35,"column":19},"end":{"line":35,"column":61}},"6":{"start":{"line":35,"column":46},"end":{"line":35,"column":60}},"7":{"start":{"line":36,"column":15},"end":{"line":36,"column":50}},"8":{"start":{"line":36,"column":39},"end":{"line":36,"column":49}},"9":{"start":{"line":37,"column":18},"end":{"line":37,"column":56}},"10":{"start":{"line":37,"column":42},"end":{"line":37,"column":55}},"11":{"start":{"line":39,"column":30},"end":{"line":39,"column":50}},"12":{"start":{"line":40,"column":40},"end":{"line":40,"column":74}},"13":{"start":{"line":42,"column":24},"end":{"line":42,"column":62}},"14":{"start":{"line":42,"column":38},"end":{"line":42,"column":51}},"15":{"start":{"line":43,"column":26},"end":{"line":46,"column":3}},"16":{"start":{"line":44,"column":10},"end":{"line":44,"column":89}},"17":{"start":{"line":44,"column":42},"end":{"line":44,"column":67}},"18":{"start":{"line":48,"column":27},"end":{"line":48,"column":85}},"19":{"start":{"line":48,"column":41},"end":{"line":48,"column":67}},"20":{"start":{"line":50,"column":19},"end":{"line":50,"column":64}},"21":{"start":{"line":52,"column":25},"end":{"line":70,"column":3}},"22":{"start":{"line":53,"column":4},"end":{"line":55,"column":5}},"23":{"start":{"line":54,"column":6},"end":{"line":54,"column":13}},"24":{"start":{"line":57,"column":34},"end":{"line":61,"column":5}},"25":{"start":{"line":63,"column":4},"end":{"line":67,"column":5}},"26":{"start":{"line":64,"column":6},"end":{"line":64,"column":47}},"27":{"start":{"line":66,"column":6},"end":{"line":66,"column":52}},"28":{"start":{"line":72,"column":2},"end":{"line":159,"column":4}},"29":{"start":{"line":82,"column":12},"end":{"line":95,"column":31}},"30":{"start":{"line":85,"column":29},"end":{"line":85,"column":47}},"31":{"start":{"line":116,"column":12},"end":{"line":132,"column":31}},"32":{"start":{"line":119,"column":29},"end":{"line":119,"column":54}},"33":{"start":{"line":145,"column":10},"end":{"line":155,"column":29}},"34":{"start":{"line":148,"column":27},"end":{"line":148,"column":49}},"35":{"start":{"line":162,"column":15},"end":{"line":253,"column":2}}},"fnMap":{"0":{"name":"(anonymous_0)","decl":{"start":{"line":33,"column":19},"end":{"line":33,"column":20}},"loc":{"start":{"line":33,"column":25},"end":{"line":160,"column":1}},"line":33},"1":{"name":"(anonymous_1)","decl":{"start":{"line":35,"column":35},"end":{"line":35,"column":36}},"loc":{"start":{"line":35,"column":46},"end":{"line":35,"column":60}},"line":35},"2":{"name":"(anonymous_2)","decl":{"start":{"line":36,"column":28},"end":{"line":36,"column":29}},"loc":{"start":{"line":36,"column":39},"end":{"line":36,"column":49}},"line":36},"3":{"name":"(anonymous_3)","decl":{"start":{"line":37,"column":31},"end":{"line":37,"column":32}},"loc":{"start":{"line":37,"column":42},"end":{"line":37,"column":55}},"line":37},"4":{"name":"(anonymous_4)","decl":{"start":{"line":42,"column":32},"end":{"line":42,"column":33}},"loc":{"start":{"line":42,"column":38},"end":{"line":42,"column":51}},"line":42},"5":{"name":"(anonymous_5)","decl":{"start":{"line":44,"column":4},"end":{"line":44,"column":5}},"loc":{"start":{"line":44,"column":10},"end":{"line":44,"column":89}},"line":44},"6":{"name":"(anonymous_6)","decl":{"start":{"line":44,"column":30},"end":{"line":44,"column":31}},"loc":{"start":{"line":44,"column":42},"end":{"line":44,"column":67}},"line":44},"7":{"name":"(anonymous_7)","decl":{"start":{"line":48,"column":35},"end":{"line":48,"column":36}},"loc":{"start":{"line":48,"column":41},"end":{"line":48,"column":67}},"line":48},"8":{"name":"(anonymous_8)","decl":{"start":{"line":52,"column":25},"end":{"line":52,"column":26}},"loc":{"start":{"line":52,"column":69},"end":{"line":70,"column":3}},"line":52},"9":{"name":"(anonymous_9)","decl":{"start":{"line":81,"column":28},"end":{"line":81,"column":29}},"loc":{"start":{"line":82,"column":12},"end":{"line":95,"column":31}},"line":82},"10":{"name":"(anonymous_10)","decl":{"start":{"line":85,"column":23},"end":{"line":85,"column":24}},"loc":{"start":{"line":85,"column":29},"end":{"line":85,"column":47}},"line":85},"11":{"name":"(anonymous_11)","decl":{"start":{"line":115,"column":30},"end":{"line":115,"column":31}},"loc":{"start":{"line":116,"column":12},"end":{"line":132,"column":31}},"line":116},"12":{"name":"(anonymous_12)","decl":{"start":{"line":119,"column":23},"end":{"line":119,"column":24}},"loc":{"start":{"line":119,"column":29},"end":{"line":119,"column":54}},"line":119},"13":{"name":"(anonymous_13)","decl":{"start":{"line":144,"column":25},"end":{"line":144,"column":26}},"loc":{"start":{"line":145,"column":10},"end":{"line":155,"column":29}},"line":145},"14":{"name":"(anonymous_14)","decl":{"start":{"line":148,"column":21},"end":{"line":148,"column":22}},"loc":{"start":{"line":148,"column":27},"end":{"line":148,"column":49}},"line":148}},"branchMap":{"0":{"loc":{"start":{"line":44,"column":10},"end":{"line":44,"column":89}},"type":"binary-expr","locations":[{"start":{"line":44,"column":10},"end":{"line":44,"column":68}},{"start":{"line":44,"column":72},"end":{"line":44,"column":89}}],"line":44},"1":{"loc":{"start":{"line":50,"column":19},"end":{"line":50,"column":64}},"type":"cond-expr","locations":[{"start":{"line":50,"column":30},"end":{"line":50,"column":49}},{"start":{"line":50,"column":52},"end":{"line":50,"column":64}}],"line":50},"2":{"loc":{"start":{"line":53,"column":4},"end":{"line":55,"column":5}},"type":"if","locations":[{"start":{"line":53,"column":4},"end":{"line":55,"column":5}},{"start":{},"end":{}}],"line":53},"3":{"loc":{"start":{"line":63,"column":4},"end":{"line":67,"column":5}},"type":"if","locations":[{"start":{"line":63,"column":4},"end":{"line":67,"column":5}},{"start":{"line":65,"column":11},"end":{"line":67,"column":5}}],"line":63},"4":{"loc":{"start":{"line":84,"column":44},"end":{"line":84,"column":92}},"type":"binary-expr","locations":[{"start":{"line":84,"column":44},"end":{"line":84,"column":62}},{"start":{"line":84,"column":66},"end":{"line":84,"column":92}}],"line":84},"5":{"loc":{"start":{"line":91,"column":50},"end":{"line":91,"column":102}},"type":"binary-expr","locations":[{"start":{"line":91,"column":50},"end":{"line":91,"column":68}},{"start":{"line":91,"column":72},"end":{"line":91,"column":102}}],"line":91},"6":{"loc":{"start":{"line":118,"column":44},"end":{"line":118,"column":99}},"type":"binary-expr","locations":[{"start":{"line":118,"column":44},"end":{"line":118,"column":69}},{"start":{"line":118,"column":73},"end":{"line":118,"column":99}}],"line":118},"7":{"loc":{"start":{"line":127,"column":18},"end":{"line":127,"column":77}},"type":"binary-expr","locations":[{"start":{"line":127,"column":18},"end":{"line":127,"column":43}},{"start":{"line":127,"column":47},"end":{"line":127,"column":77}}],"line":127},"8":{"loc":{"start":{"line":137,"column":7},"end":{"line":141,"column":14}},"type":"cond-expr","locations":[{"start":{"line":138,"column":8},"end":{"line":140,"column":15}},{"start":{"line":141,"column":10},"end":{"line":141,"column":14}}],"line":137},"9":{"loc":{"start":{"line":147,"column":38},"end":{"line":147,"column":82}},"type":"binary-expr","locations":[{"start":{"line":147,"column":38},"end":{"line":147,"column":54}},{"start":{"line":147,"column":58},"end":{"line":147,"column":82}}],"line":147}},"s":{"0":3,"1":3,"2":3,"3":3,"4":7,"5":7,"6":8,"7":7,"8":9,"9":7,"10":9,"11":7,"12":7,"13":7,"14":4,"15":7,"16":3,"17":6,"18":7,"19":4,"20":7,"21":7,"22":1,"23":0,"24":1,"25":1,"26":1,"27":0,"28":7,"29":14,"30":1,"31":14,"32":0,"33":14,"34":1,"35":3},"f":{"0":7,"1":8,"2":9,"3":9,"4":4,"5":3,"6":6,"7":4,"8":1,"9":14,"10":1,"11":14,"12":0,"13":14,"14":1},"b":{"0":[3,0],"1":[1,6],"2":[0,1],"3":[1,0],"4":[14,7],"5":[14,7],"6":[14,7],"7":[14,7],"8":[4,3],"9":[14,8]},"_coverageSchema":"1a1c01bbd47fc00a2c39e90264f33305004495a9","hash":"4e4ea25b752f90e23abfb8380451cf4e556a8f48"}
,"/Users/dharapatel/Documents/GitHub/Ride-Share-/src/navigation/MainTabs.tsx": {"path":"/Users/dharapatel/Documents/GitHub/Ride-Share-/src/navigation/MainTabs.tsx","statementMap":{"0":{"start":{"line":10,"column":12},"end":{"line":10,"column":56}},"1":{"start":{"line":12,"column":25},"end":{"line":18,"column":10}},"2":{"start":{"line":20,"column":24},"end":{"line":73,"column":1}},"3":{"start":{"line":21,"column":2},"end":{"line":72,"column":18}},"4":{"start":{"line":27,"column":10},"end":{"line":27,"column":75}},"5":{"start":{"line":37,"column":10},"end":{"line":37,"column":80}},"6":{"start":{"line":47,"column":10},"end":{"line":47,"column":85}},"7":{"start":{"line":57,"column":10},"end":{"line":57,"column":75}},"8":{"start":{"line":67,"column":10},"end":{"line":67,"column":78}}},"fnMap":{"0":{"name":"(anonymous_0)","decl":{"start":{"line":20,"column":24},"end":{"line":20,"column":25}},"loc":{"start":{"line":21,"column":2},"end":{"line":72,"column":18}},"line":21},"1":{"name":"(anonymous_1)","decl":{"start":{"line":26,"column":20},"end":{"line":26,"column":21}},"loc":{"start":{"line":27,"column":10},"end":{"line":27,"column":75}},"line":27},"2":{"name":"(anonymous_2)","decl":{"start":{"line":36,"column":20},"end":{"line":36,"column":21}},"loc":{"start":{"line":37,"column":10},"end":{"line":37,"column":80}},"line":37},"3":{"name":"(anonymous_3)","decl":{"start":{"line":46,"column":20},"end":{"line":46,"column":21}},"loc":{"start":{"line":47,"column":10},"end":{"line":47,"column":85}},"line":47},"4":{"name":"(anonymous_4)","decl":{"start":{"line":56,"column":20},"end":{"line":56,"column":21}},"loc":{"start":{"line":57,"column":10},"end":{"line":57,"column":75}},"line":57},"5":{"name":"(anonymous_5)","decl":{"start":{"line":66,"column":20},"end":{"line":66,"column":21}},"loc":{"start":{"line":67,"column":10},"end":{"line":67,"column":78}},"line":67}},"branchMap":{},"s":{"0":2,"1":2,"2":2,"3":2,"4":1,"5":1,"6":1,"7":1,"8":1},"f":{"0":2,"1":1,"2":1,"3":1,"4":1,"5":1},"b":{},"_coverageSchema":"1a1c01bbd47fc00a2c39e90264f33305004495a9","hash":"383515d0503233c69719e7e61b2a3df986147178"}
,"/Users/dharapatel/Documents/GitHub/Ride-Share-/src/services/api/client.ts": {"path":"/Users/dharapatel/Documents/GitHub/Ride-Share-/src/services/api/client.ts","statementMap":{"0":{"start":{"line":2,"column":25},"end":{"line":9,"column":1}},"1":{"start":{"line":4,"column":4},"end":{"line":4,"column":53}},"2":{"start":{"line":7,"column":4},"end":{"line":7,"column":54}}},"fnMap":{"0":{"name":"(anonymous_0)","decl":{"start":{"line":3,"column":7},"end":{"line":3,"column":8}},"loc":{"start":{"line":3,"column":32},"end":{"line":5,"column":3}},"line":3},"1":{"name":"(anonymous_1)","decl":{"start":{"line":6,"column":8},"end":{"line":6,"column":9}},"loc":{"start":{"line":6,"column":49},"end":{"line":8,"column":3}},"line":6}},"branchMap":{},"s":{"0":0,"1":0,"2":0},"f":{"0":0,"1":0},"b":{}}
,"/Users/dharapatel/Documents/GitHub/Ride-Share-/src/services/api/maps.ts": {"path":"/Users/dharapatel/Documents/GitHub/Ride-Share-/src/services/api/maps.ts","statementMap":{"0":{"start":{"line":8,"column":54},"end":{"line":21,"column":1}},"1":{"start":{"line":23,"column":29},"end":{"line":30,"column":1}},"2":{"start":{"line":24,"column":21},"end":{"line":24,"column":47}},"3":{"start":{"line":25,"column":17},"end":{"line":25,"column":42}},"4":{"start":{"line":26,"column":2},"end":{"line":28,"column":3}},"5":{"start":{"line":27,"column":4},"end":{"line":27,"column":77}},"6":{"start":{"line":29,"column":2},"end":{"line":29,"column":16}}},"fnMap":{"0":{"name":"(anonymous_0)","decl":{"start":{"line":23,"column":29},"end":{"line":23,"column":30}},"loc":{"start":{"line":23,"column":79},"end":{"line":30,"column":1}},"line":23}},"branchMap":{"0":{"loc":{"start":{"line":26,"column":2},"end":{"line":28,"column":3}},"type":"if","locations":[{"start":{"line":26,"column":2},"end":{"line":28,"column":3}},{"start":{},"end":{}}],"line":26}},"s":{"0":1,"1":1,"2":2,"3":2,"4":2,"5":1,"6":1},"f":{"0":2},"b":{"0":[1,1]},"_coverageSchema":"1a1c01bbd47fc00a2c39e90264f33305004495a9","hash":"82270d0e18d37bab7de699b1c316aa3e1e0f71a8"}
,"/Users/dharapatel/Documents/GitHub/Ride-Share-/src/services/api/profile.ts": {"path":"/Users/dharapatel/Documents/GitHub/Ride-Share-/src/services/api/profile.ts","statementMap":{"0":{"start":{"line":6,"column":28},"end":{"line":8,"column":1}},"1":{"start":{"line":7,"column":2},"end":{"line":7,"column":75}},"2":{"start":{"line":10,"column":31},"end":{"line":12,"column":1}},"3":{"start":{"line":11,"column":2},"end":{"line":11,"column":75}}},"fnMap":{"0":{"name":"(anonymous_0)","decl":{"start":{"line":6,"column":28},"end":{"line":6,"column":29}},"loc":{"start":{"line":6,"column":69},"end":{"line":8,"column":1}},"line":6},"1":{"name":"(anonymous_1)","decl":{"start":{"line":10,"column":31},"end":{"line":10,"column":32}},"loc":{"start":{"line":10,"column":86},"end":{"line":12,"column":1}},"line":10}},"branchMap":{},"s":{"0":1,"1":1,"2":1,"3":1},"f":{"0":1,"1":1},"b":{},"_coverageSchema":"1a1c01bbd47fc00a2c39e90264f33305004495a9","hash":"f985000a5e7f995ef7560c1ca18b98a2a00931cb"}
,"/Users/dharapatel/Documents/GitHub/Ride-Share-/src/store/useProfileStore.ts": {"path":"/Users/dharapatel/Documents/GitHub/Ride-Share-/src/store/useProfileStore.ts","statementMap":{"0":{"start":{"line":13,"column":80},"end":{"line":16,"column":1}},"1":{"start":{"line":18,"column":31},"end":{"line":23,"column":3}},"2":{"start":{"line":18,"column":62},"end":{"line":23,"column":1}},"3":{"start":{"line":20,"column":29},"end":{"line":20,"column":46}},"4":{"start":{"line":21,"column":25},"end":{"line":21,"column":40}},"5":{"start":{"line":22,"column":15},"end":{"line":22,"column":39}}},"fnMap":{"0":{"name":"(anonymous_0)","decl":{"start":{"line":18,"column":52},"end":{"line":18,"column":53}},"loc":{"start":{"line":18,"column":62},"end":{"line":23,"column":1}},"line":18},"1":{"name":"(anonymous_1)","decl":{"start":{"line":20,"column":15},"end":{"line":20,"column":16}},"loc":{"start":{"line":20,"column":29},"end":{"line":20,"column":46}},"line":20},"2":{"name":"(anonymous_2)","decl":{"start":{"line":21,"column":13},"end":{"line":21,"column":14}},"loc":{"start":{"line":21,"column":25},"end":{"line":21,"column":40}},"line":21},"3":{"name":"(anonymous_3)","decl":{"start":{"line":22,"column":9},"end":{"line":22,"column":10}},"loc":{"start":{"line":22,"column":15},"end":{"line":22,"column":39}},"line":22}},"branchMap":{},"s":{"0":5,"1":5,"2":5,"3":5,"4":4,"5":1},"f":{"0":5,"1":5,"2":4,"3":1},"b":{},"_coverageSchema":"1a1c01bbd47fc00a2c39e90264f33305004495a9","hash":"e9f3faccfbc0f28cd7ba4ba671c3483c46ef2448"}
}
