{"/Users/dharapatel/Documents/GitHub/Ride-Share-/src/features/auth/screens/SignInScreen.tsx": {"path":"/Users/dharapatel/Documents/GitHub/Ride-Share-/src/features/auth/screens/SignInScreen.tsx","statementMap":{"0":{"start":{"line":11,"column":21},"end":{"line":131,"column":1}},"1":{"start":{"line":12,"column":54},"end":{"line":12,"column":63}},"2":{"start":{"line":13,"column":37},"end":{"line":16,"column":5}},"3":{"start":{"line":13,"column":65},"end":{"line":16,"column":3}},"4":{"start":{"line":17,"column":28},"end":{"line":17,"column":56}},"5":{"start":{"line":18,"column":39},"end":{"line":18,"column":51}},"6":{"start":{"line":19,"column":35},"end":{"line":19,"column":70}},"7":{"start":{"line":20,"column":28},"end":{"line":20,"column":57}},"8":{"start":{"line":21,"column":44},"end":{"line":21,"column":73}},"9":{"start":{"line":22,"column":40},"end":{"line":22,"column":69}},"10":{"start":{"line":24,"column":25},"end":{"line":46,"column":3}},"11":{"start":{"line":25,"column":28},"end":{"line":25,"column":43}},"12":{"start":{"line":26,"column":4},"end":{"line":29,"column":5}},"13":{"start":{"line":27,"column":6},"end":{"line":27,"column":72}},"14":{"start":{"line":28,"column":6},"end":{"line":28,"column":13}},"15":{"start":{"line":31,"column":4},"end":{"line":34,"column":5}},"16":{"start":{"line":32,"column":6},"end":{"line":32,"column":73}},"17":{"start":{"line":33,"column":6},"end":{"line":33,"column":13}},"18":{"start":{"line":36,"column":4},"end":{"line":45,"column":5}},"19":{"start":{"line":37,"column":6},"end":{"line":37,"column":29}},"20":{"start":{"line":38,"column":6},"end":{"line":38,"column":27}},"21":{"start":{"line":39,"column":6},"end":{"line":39,"column":35}},"22":{"start":{"line":40,"column":6},"end":{"line":40,"column":24}},"23":{"start":{"line":41,"column":6},"end":{"line":41,"column":34}},"24":{"start":{"line":42,"column":6},"end":{"line":42,"column":52}},"25":{"start":{"line":44,"column":6},"end":{"line":44,"column":39}},"26":{"start":{"line":48,"column":18},"end":{"line":48,"column":36}},"27":{"start":{"line":50,"column":2},"end":{"line":130,"column":4}},"28":{"start":{"line":62,"column":12},"end":{"line":62,"column":36}},"29":{"start":{"line":63,"column":12},"end":{"line":65,"column":13}},"30":{"start":{"line":64,"column":14},"end":{"line":64,"column":37}},"31":{"start":{"line":83,"column":12},"end":{"line":101,"column":31}},"32":{"start":{"line":87,"column":16},"end":{"line":87,"column":42}},"33":{"start":{"line":88,"column":16},"end":{"line":90,"column":17}},"34":{"start":{"line":89,"column":18},"end":{"line":89,"column":39}},"35":{"start":{"line":111,"column":10},"end":{"line":111,"column":26}},"36":{"start":{"line":112,"column":10},"end":{"line":114,"column":11}},"37":{"start":{"line":113,"column":12},"end":{"line":113,"column":27}},"38":{"start":{"line":133,"column":15},"end":{"line":202,"column":2}}},"fnMap":{"0":{"name":"(anonymous_0)","decl":{"start":{"line":11,"column":21},"end":{"line":11,"column":22}},"loc":{"start":{"line":11,"column":48},"end":{"line":131,"column":1}},"line":11},"1":{"name":"(anonymous_1)","decl":{"start":{"line":13,"column":53},"end":{"line":13,"column":54}},"loc":{"start":{"line":13,"column":65},"end":{"line":16,"column":3}},"line":13},"2":{"name":"(anonymous_2)","decl":{"start":{"line":24,"column":25},"end":{"line":24,"column":26}},"loc":{"start":{"line":24,"column":37},"end":{"line":46,"column":3}},"line":24},"3":{"name":"(anonymous_3)","decl":{"start":{"line":61,"column":24},"end":{"line":61,"column":25}},"loc":{"start":{"line":61,"column":35},"end":{"line":66,"column":11}},"line":61},"4":{"name":"(anonymous_4)","decl":{"start":{"line":82,"column":16},"end":{"line":82,"column":17}},"loc":{"start":{"line":83,"column":12},"end":{"line":101,"column":31}},"line":83},"5":{"name":"(anonymous_5)","decl":{"start":{"line":86,"column":23},"end":{"line":86,"column":24}},"loc":{"start":{"line":86,"column":29},"end":{"line":91,"column":15}},"line":86},"6":{"name":"(anonymous_6)","decl":{"start":{"line":110,"column":22},"end":{"line":110,"column":23}},"loc":{"start":{"line":110,"column":33},"end":{"line":115,"column":9}},"line":110}},"branchMap":{"0":{"loc":{"start":{"line":17,"column":37},"end":{"line":17,"column":55}},"type":"binary-expr","locations":[{"start":{"line":17,"column":37},"end":{"line":17,"column":49}},{"start":{"line":17,"column":53},"end":{"line":17,"column":55}}],"line":17},"1":{"loc":{"start":{"line":26,"column":4},"end":{"line":29,"column":5}},"type":"if","locations":[{"start":{"line":26,"column":4},"end":{"line":29,"column":5}},{"start":{},"end":{}}],"line":26},"2":{"loc":{"start":{"line":26,"column":8},"end":{"line":26,"column":65}},"type":"binary-expr","locations":[{"start":{"line":26,"column":8},"end":{"line":26,"column":34}},{"start":{"line":26,"column":38},"end":{"line":26,"column":65}}],"line":26},"3":{"loc":{"start":{"line":31,"column":4},"end":{"line":34,"column":5}},"type":"if","locations":[{"start":{"line":31,"column":4},"end":{"line":34,"column":5}},{"start":{},"end":{}}],"line":31},"4":{"loc":{"start":{"line":48,"column":18},"end":{"line":48,"column":36}},"type":"binary-expr","locations":[{"start":{"line":48,"column":18},"end":{"line":48,"column":23}},{"start":{"line":48,"column":27},"end":{"line":48,"column":36}}],"line":48},"5":{"loc":{"start":{"line":63,"column":12},"end":{"line":65,"column":13}},"type":"if","locations":[{"start":{"line":63,"column":12},"end":{"line":65,"column":13}},{"start":{},"end":{}}],"line":63},"6":{"loc":{"start":{"line":71,"column":9},"end":{"line":71,"column":81}},"type":"cond-expr","locations":[{"start":{"line":71,"column":25},"end":{"line":71,"column":74}},{"start":{"line":71,"column":77},"end":{"line":71,"column":81}}],"line":71},"7":{"loc":{"start":{"line":85,"column":44},"end":{"line":85,"column":94}},"type":"binary-expr","locations":[{"start":{"line":85,"column":44},"end":{"line":85,"column":64}},{"start":{"line":85,"column":68},"end":{"line":85,"column":94}}],"line":85},"8":{"loc":{"start":{"line":88,"column":16},"end":{"line":90,"column":17}},"type":"if","locations":[{"start":{"line":88,"column":16},"end":{"line":90,"column":17}},{"start":{},"end":{}}],"line":88},"9":{"loc":{"start":{"line":97,"column":50},"end":{"line":97,"column":104}},"type":"binary-expr","locations":[{"start":{"line":97,"column":50},"end":{"line":97,"column":70}},{"start":{"line":97,"column":74},"end":{"line":97,"column":104}}],"line":97},"10":{"loc":{"start":{"line":104,"column":9},"end":{"line":104,"column":77}},"type":"cond-expr","locations":[{"start":{"line":104,"column":23},"end":{"line":104,"column":70}},{"start":{"line":104,"column":73},"end":{"line":104,"column":77}}],"line":104},"11":{"loc":{"start":{"line":112,"column":10},"end":{"line":114,"column":11}},"type":"if","locations":[{"start":{"line":112,"column":10},"end":{"line":114,"column":11}},{"start":{},"end":{}}],"line":112},"12":{"loc":{"start":{"line":120,"column":7},"end":{"line":120,"column":67}},"type":"cond-expr","locations":[{"start":{"line":120,"column":17},"end":{"line":120,"column":60}},{"start":{"line":120,"column":63},"end":{"line":120,"column":67}}],"line":120}},"s":{"0":1,"1":11,"2":11,"3":13,"4":11,"5":11,"6":11,"7":11,"8":11,"9":11,"10":11,"11":3,"12":3,"13":1,"14":1,"15":2,"16":1,"17":1,"18":1,"19":1,"20":1,"21":1,"22":1,"23":1,"24":1,"25":0,"26":11,"27":11,"28":3,"29":3,"30":0,"31":33,"32":1,"33":1,"34":0,"35":1,"36":1,"37":0,"38":1},"f":{"0":11,"1":13,"2":3,"3":3,"4":33,"5":1,"6":1},"b":{"0":[11,0],"1":[1,2],"2":[3,2],"3":[1,1],"4":[11,11],"5":[0,3],"6":[1,10],"7":[33,3],"8":[0,1],"9":[33,3],"10":[1,10],"11":[0,1],"12":[0,11]},"_coverageSchema":"1a1c01bbd47fc00a2c39e90264f33305004495a9","hash":"477623575b2c2b8fec0e8417073a3627e0534742"}
,"/Users/dharapatel/Documents/GitHub/Ride-Share-/src/features/rides/screens/HomeScreen.tsx": {"path":"/Users/dharapatel/Documents/GitHub/Ride-Share-/src/features/rides/screens/HomeScreen.tsx","statementMap":{"0":{"start":{"line":15,"column":23},"end":{"line":18,"column":10}},"1":{"start":{"line":20,"column":20},"end":{"line":23,"column":1}},"2":{"start":{"line":29,"column":21},"end":{"line":32,"column":1}},"3":{"start":{"line":34,"column":19},"end":{"line":161,"column":1}},"4":{"start":{"line":35,"column":21},"end":{"line":35,"column":48}},"5":{"start":{"line":36,"column":19},"end":{"line":36,"column":61}},"6":{"start":{"line":36,"column":46},"end":{"line":36,"column":60}},"7":{"start":{"line":37,"column":15},"end":{"line":37,"column":50}},"8":{"start":{"line":37,"column":39},"end":{"line":37,"column":49}},"9":{"start":{"line":38,"column":18},"end":{"line":38,"column":56}},"10":{"start":{"line":38,"column":42},"end":{"line":38,"column":55}},"11":{"start":{"line":40,"column":30},"end":{"line":40,"column":50}},"12":{"start":{"line":41,"column":40},"end":{"line":41,"column":74}},"13":{"start":{"line":43,"column":24},"end":{"line":43,"column":62}},"14":{"start":{"line":43,"column":38},"end":{"line":43,"column":51}},"15":{"start":{"line":44,"column":26},"end":{"line":47,"column":3}},"16":{"start":{"line":45,"column":10},"end":{"line":45,"column":89}},"17":{"start":{"line":45,"column":42},"end":{"line":45,"column":67}},"18":{"start":{"line":49,"column":27},"end":{"line":49,"column":85}},"19":{"start":{"line":49,"column":41},"end":{"line":49,"column":67}},"20":{"start":{"line":51,"column":19},"end":{"line":51,"column":64}},"21":{"start":{"line":53,"column":25},"end":{"line":66,"column":3}},"22":{"start":{"line":54,"column":4},"end":{"line":56,"column":5}},"23":{"start":{"line":55,"column":6},"end":{"line":55,"column":13}},"24":{"start":{"line":58,"column":34},"end":{"line":62,"column":5}},"25":{"start":{"line":64,"column":4},"end":{"line":64,"column":40}},"26":{"start":{"line":68,"column":2},"end":{"line":160,"column":4}},"27":{"start":{"line":78,"column":12},"end":{"line":91,"column":31}},"28":{"start":{"line":81,"column":29},"end":{"line":81,"column":47}},"29":{"start":{"line":112,"column":12},"end":{"line":128,"column":31}},"30":{"start":{"line":115,"column":29},"end":{"line":115,"column":54}},"31":{"start":{"line":141,"column":10},"end":{"line":151,"column":29}},"32":{"start":{"line":144,"column":27},"end":{"line":144,"column":49}},"33":{"start":{"line":163,"column":15},"end":{"line":262,"column":2}}},"fnMap":{"0":{"name":"(anonymous_0)","decl":{"start":{"line":34,"column":19},"end":{"line":34,"column":20}},"loc":{"start":{"line":34,"column":25},"end":{"line":161,"column":1}},"line":34},"1":{"name":"(anonymous_1)","decl":{"start":{"line":36,"column":35},"end":{"line":36,"column":36}},"loc":{"start":{"line":36,"column":46},"end":{"line":36,"column":60}},"line":36},"2":{"name":"(anonymous_2)","decl":{"start":{"line":37,"column":28},"end":{"line":37,"column":29}},"loc":{"start":{"line":37,"column":39},"end":{"line":37,"column":49}},"line":37},"3":{"name":"(anonymous_3)","decl":{"start":{"line":38,"column":31},"end":{"line":38,"column":32}},"loc":{"start":{"line":38,"column":42},"end":{"line":38,"column":55}},"line":38},"4":{"name":"(anonymous_4)","decl":{"start":{"line":43,"column":32},"end":{"line":43,"column":33}},"loc":{"start":{"line":43,"column":38},"end":{"line":43,"column":51}},"line":43},"5":{"name":"(anonymous_5)","decl":{"start":{"line":45,"column":4},"end":{"line":45,"column":5}},"loc":{"start":{"line":45,"column":10},"end":{"line":45,"column":89}},"line":45},"6":{"name":"(anonymous_6)","decl":{"start":{"line":45,"column":30},"end":{"line":45,"column":31}},"loc":{"start":{"line":45,"column":42},"end":{"line":45,"column":67}},"line":45},"7":{"name":"(anonymous_7)","decl":{"start":{"line":49,"column":35},"end":{"line":49,"column":36}},"loc":{"start":{"line":49,"column":41},"end":{"line":49,"column":67}},"line":49},"8":{"name":"(anonymous_8)","decl":{"start":{"line":53,"column":25},"end":{"line":53,"column":26}},"loc":{"start":{"line":53,"column":69},"end":{"line":66,"column":3}},"line":53},"9":{"name":"(anonymous_9)","decl":{"start":{"line":77,"column":28},"end":{"line":77,"column":29}},"loc":{"start":{"line":78,"column":12},"end":{"line":91,"column":31}},"line":78},"10":{"name":"(anonymous_10)","decl":{"start":{"line":81,"column":23},"end":{"line":81,"column":24}},"loc":{"start":{"line":81,"column":29},"end":{"line":81,"column":47}},"line":81},"11":{"name":"(anonymous_11)","decl":{"start":{"line":111,"column":30},"end":{"line":111,"column":31}},"loc":{"start":{"line":112,"column":12},"end":{"line":128,"column":31}},"line":112},"12":{"name":"(anonymous_12)","decl":{"start":{"line":115,"column":23},"end":{"line":115,"column":24}},"loc":{"start":{"line":115,"column":29},"end":{"line":115,"column":54}},"line":115},"13":{"name":"(anonymous_13)","decl":{"start":{"line":140,"column":25},"end":{"line":140,"column":26}},"loc":{"start":{"line":141,"column":10},"end":{"line":151,"column":29}},"line":141},"14":{"name":"(anonymous_14)","decl":{"start":{"line":144,"column":21},"end":{"line":144,"column":22}},"loc":{"start":{"line":144,"column":27},"end":{"line":144,"column":49}},"line":144}},"branchMap":{"0":{"loc":{"start":{"line":45,"column":10},"end":{"line":45,"column":89}},"type":"binary-expr","locations":[{"start":{"line":45,"column":10},"end":{"line":45,"column":68}},{"start":{"line":45,"column":72},"end":{"line":45,"column":89}}],"line":45},"1":{"loc":{"start":{"line":51,"column":19},"end":{"line":51,"column":64}},"type":"cond-expr","locations":[{"start":{"line":51,"column":30},"end":{"line":51,"column":49}},{"start":{"line":51,"column":52},"end":{"line":51,"column":64}}],"line":51},"2":{"loc":{"start":{"line":54,"column":4},"end":{"line":56,"column":5}},"type":"if","locations":[{"start":{"line":54,"column":4},"end":{"line":56,"column":5}},{"start":{},"end":{}}],"line":54},"3":{"loc":{"start":{"line":80,"column":44},"end":{"line":80,"column":92}},"type":"binary-expr","locations":[{"start":{"line":80,"column":44},"end":{"line":80,"column":62}},{"start":{"line":80,"column":66},"end":{"line":80,"column":92}}],"line":80},"4":{"loc":{"start":{"line":87,"column":50},"end":{"line":87,"column":102}},"type":"binary-expr","locations":[{"start":{"line":87,"column":50},"end":{"line":87,"column":68}},{"start":{"line":87,"column":72},"end":{"line":87,"column":102}}],"line":87},"5":{"loc":{"start":{"line":114,"column":44},"end":{"line":114,"column":99}},"type":"binary-expr","locations":[{"start":{"line":114,"column":44},"end":{"line":114,"column":69}},{"start":{"line":114,"column":73},"end":{"line":114,"column":99}}],"line":114},"6":{"loc":{"start":{"line":123,"column":18},"end":{"line":123,"column":77}},"type":"binary-expr","locations":[{"start":{"line":123,"column":18},"end":{"line":123,"column":43}},{"start":{"line":123,"column":47},"end":{"line":123,"column":77}}],"line":123},"7":{"loc":{"start":{"line":133,"column":7},"end":{"line":137,"column":14}},"type":"cond-expr","locations":[{"start":{"line":134,"column":8},"end":{"line":136,"column":15}},{"start":{"line":137,"column":10},"end":{"line":137,"column":14}}],"line":133},"8":{"loc":{"start":{"line":143,"column":38},"end":{"line":143,"column":82}},"type":"binary-expr","locations":[{"start":{"line":143,"column":38},"end":{"line":143,"column":54}},{"start":{"line":143,"column":58},"end":{"line":143,"column":82}}],"line":143}},"s":{"0":3,"1":3,"2":3,"3":3,"4":7,"5":7,"6":8,"7":7,"8":9,"9":7,"10":9,"11":7,"12":7,"13":7,"14":4,"15":7,"16":3,"17":6,"18":7,"19":4,"20":7,"21":7,"22":1,"23":0,"24":1,"25":1,"26":7,"27":14,"28":1,"29":14,"30":0,"31":14,"32":1,"33":3},"f":{"0":7,"1":8,"2":9,"3":9,"4":4,"5":3,"6":6,"7":4,"8":1,"9":14,"10":1,"11":14,"12":0,"13":14,"14":1},"b":{"0":[3,0],"1":[1,6],"2":[0,1],"3":[14,7],"4":[14,7],"5":[14,7],"6":[14,7],"7":[4,3],"8":[14,8]},"_coverageSchema":"1a1c01bbd47fc00a2c39e90264f33305004495a9","hash":"4a72c9b6411a70a4fab818d83a80a2afa4e80491"}
,"/Users/dharapatel/Documents/GitHub/Ride-Share-/src/navigation/MainTabs.tsx": {"path":"/Users/dharapatel/Documents/GitHub/Ride-Share-/src/navigation/MainTabs.tsx","statementMap":{"0":{"start":{"line":12,"column":12},"end":{"line":12,"column":56}},"1":{"start":{"line":14,"column":25},"end":{"line":20,"column":10}},"2":{"start":{"line":22,"column":24},"end":{"line":75,"column":1}},"3":{"start":{"line":23,"column":2},"end":{"line":74,"column":18}},"4":{"start":{"line":29,"column":10},"end":{"line":29,"column":75}},"5":{"start":{"line":39,"column":10},"end":{"line":39,"column":80}},"6":{"start":{"line":49,"column":10},"end":{"line":49,"column":85}},"7":{"start":{"line":59,"column":10},"end":{"line":59,"column":75}},"8":{"start":{"line":69,"column":10},"end":{"line":69,"column":78}}},"fnMap":{"0":{"name":"(anonymous_0)","decl":{"start":{"line":22,"column":24},"end":{"line":22,"column":25}},"loc":{"start":{"line":23,"column":2},"end":{"line":74,"column":18}},"line":23},"1":{"name":"(anonymous_1)","decl":{"start":{"line":28,"column":20},"end":{"line":28,"column":21}},"loc":{"start":{"line":29,"column":10},"end":{"line":29,"column":75}},"line":29},"2":{"name":"(anonymous_2)","decl":{"start":{"line":38,"column":20},"end":{"line":38,"column":21}},"loc":{"start":{"line":39,"column":10},"end":{"line":39,"column":80}},"line":39},"3":{"name":"(anonymous_3)","decl":{"start":{"line":48,"column":20},"end":{"line":48,"column":21}},"loc":{"start":{"line":49,"column":10},"end":{"line":49,"column":85}},"line":49},"4":{"name":"(anonymous_4)","decl":{"start":{"line":58,"column":20},"end":{"line":58,"column":21}},"loc":{"start":{"line":59,"column":10},"end":{"line":59,"column":75}},"line":59},"5":{"name":"(anonymous_5)","decl":{"start":{"line":68,"column":20},"end":{"line":68,"column":21}},"loc":{"start":{"line":69,"column":10},"end":{"line":69,"column":78}},"line":69}},"branchMap":{},"s":{"0":2,"1":2,"2":2,"3":2,"4":1,"5":1,"6":1,"7":1,"8":1},"f":{"0":2,"1":1,"2":1,"3":1,"4":1,"5":1},"b":{},"_coverageSchema":"1a1c01bbd47fc00a2c39e90264f33305004495a9","hash":"c66d6b2ba56dedfa7e212645df8e3cec7fd3dc73"}
,"/Users/dharapatel/Documents/GitHub/Ride-Share-/src/services/api/client.ts": {"path":"/Users/dharapatel/Documents/GitHub/Ride-Share-/src/services/api/client.ts","statementMap":{"0":{"start":{"line":2,"column":25},"end":{"line":9,"column":1}},"1":{"start":{"line":4,"column":4},"end":{"line":4,"column":53}},"2":{"start":{"line":7,"column":4},"end":{"line":7,"column":54}}},"fnMap":{"0":{"name":"(anonymous_0)","decl":{"start":{"line":3,"column":7},"end":{"line":3,"column":8}},"loc":{"start":{"line":3,"column":32},"end":{"line":5,"column":3}},"line":3},"1":{"name":"(anonymous_1)","decl":{"start":{"line":6,"column":8},"end":{"line":6,"column":9}},"loc":{"start":{"line":6,"column":49},"end":{"line":8,"column":3}},"line":6}},"branchMap":{},"s":{"0":0,"1":0,"2":0},"f":{"0":0,"1":0},"b":{}}
,"/Users/dharapatel/Documents/GitHub/Ride-Share-/src/services/api/maps.ts": {"path":"/Users/dharapatel/Documents/GitHub/Ride-Share-/src/services/api/maps.ts","statementMap":{"0":{"start":{"line":8,"column":54},"end":{"line":21,"column":1}},"1":{"start":{"line":23,"column":29},"end":{"line":30,"column":1}},"2":{"start":{"line":24,"column":21},"end":{"line":24,"column":47}},"3":{"start":{"line":25,"column":17},"end":{"line":25,"column":42}},"4":{"start":{"line":26,"column":2},"end":{"line":28,"column":3}},"5":{"start":{"line":27,"column":4},"end":{"line":27,"column":77}},"6":{"start":{"line":29,"column":2},"end":{"line":29,"column":16}}},"fnMap":{"0":{"name":"(anonymous_0)","decl":{"start":{"line":23,"column":29},"end":{"line":23,"column":30}},"loc":{"start":{"line":23,"column":79},"end":{"line":30,"column":1}},"line":23}},"branchMap":{"0":{"loc":{"start":{"line":26,"column":2},"end":{"line":28,"column":3}},"type":"if","locations":[{"start":{"line":26,"column":2},"end":{"line":28,"column":3}},{"start":{},"end":{}}],"line":26}},"s":{"0":1,"1":1,"2":2,"3":2,"4":2,"5":1,"6":1},"f":{"0":2},"b":{"0":[1,1]},"_coverageSchema":"1a1c01bbd47fc00a2c39e90264f33305004495a9","hash":"82270d0e18d37bab7de699b1c316aa3e1e0f71a8"}
,"/Users/dharapatel/Documents/GitHub/Ride-Share-/src/services/api/profile.ts": {"path":"/Users/dharapatel/Documents/GitHub/Ride-Share-/src/services/api/profile.ts","statementMap":{"0":{"start":{"line":6,"column":28},"end":{"line":8,"column":1}},"1":{"start":{"line":7,"column":2},"end":{"line":7,"column":75}},"2":{"start":{"line":10,"column":31},"end":{"line":12,"column":1}},"3":{"start":{"line":11,"column":2},"end":{"line":11,"column":75}}},"fnMap":{"0":{"name":"(anonymous_0)","decl":{"start":{"line":6,"column":28},"end":{"line":6,"column":29}},"loc":{"start":{"line":6,"column":69},"end":{"line":8,"column":1}},"line":6},"1":{"name":"(anonymous_1)","decl":{"start":{"line":10,"column":31},"end":{"line":10,"column":32}},"loc":{"start":{"line":10,"column":86},"end":{"line":12,"column":1}},"line":10}},"branchMap":{},"s":{"0":1,"1":1,"2":1,"3":1},"f":{"0":1,"1":1},"b":{},"_coverageSchema":"1a1c01bbd47fc00a2c39e90264f33305004495a9","hash":"f985000a5e7f995ef7560c1ca18b98a2a00931cb"}
,"/Users/dharapatel/Documents/GitHub/Ride-Share-/src/store/useProfileStore.ts": {"path":"/Users/dharapatel/Documents/GitHub/Ride-Share-/src/store/useProfileStore.ts","statementMap":{"0":{"start":{"line":13,"column":80},"end":{"line":16,"column":1}},"1":{"start":{"line":18,"column":31},"end":{"line":23,"column":3}},"2":{"start":{"line":18,"column":62},"end":{"line":23,"column":1}},"3":{"start":{"line":20,"column":29},"end":{"line":20,"column":46}},"4":{"start":{"line":21,"column":25},"end":{"line":21,"column":40}},"5":{"start":{"line":22,"column":15},"end":{"line":22,"column":39}}},"fnMap":{"0":{"name":"(anonymous_0)","decl":{"start":{"line":18,"column":52},"end":{"line":18,"column":53}},"loc":{"start":{"line":18,"column":62},"end":{"line":23,"column":1}},"line":18},"1":{"name":"(anonymous_1)","decl":{"start":{"line":20,"column":15},"end":{"line":20,"column":16}},"loc":{"start":{"line":20,"column":29},"end":{"line":20,"column":46}},"line":20},"2":{"name":"(anonymous_2)","decl":{"start":{"line":21,"column":13},"end":{"line":21,"column":14}},"loc":{"start":{"line":21,"column":25},"end":{"line":21,"column":40}},"line":21},"3":{"name":"(anonymous_3)","decl":{"start":{"line":22,"column":9},"end":{"line":22,"column":10}},"loc":{"start":{"line":22,"column":15},"end":{"line":22,"column":39}},"line":22}},"branchMap":{},"s":{"0":5,"1":5,"2":5,"3":4,"4":3,"5":1},"f":{"0":5,"1":4,"2":3,"3":1},"b":{},"_coverageSchema":"1a1c01bbd47fc00a2c39e90264f33305004495a9","hash":"e9f3faccfbc0f28cd7ba4ba671c3483c46ef2448"}
}
