TN:
SF:src/features/auth/screens/SignInScreen.tsx
FN:11,(anonymous_0)
FN:13,(anonymous_1)
FN:24,(anonymous_2)
FN:61,(anonymous_3)
FN:82,(anonymous_4)
FN:86,(anonymous_5)
FN:110,(anonymous_6)
FNF:7
FNH:7
FNDA:11,(anonymous_0)
FNDA:13,(anonymous_1)
FNDA:3,(anonymous_2)
FNDA:3,(anonymous_3)
FNDA:33,(anonymous_4)
FNDA:1,(anonymous_5)
FNDA:1,(anonymous_6)
DA:11,1
DA:12,11
DA:13,13
DA:17,11
DA:18,11
DA:19,11
DA:20,11
DA:21,11
DA:22,11
DA:24,11
DA:25,3
DA:26,3
DA:27,1
DA:28,1
DA:31,2
DA:32,1
DA:33,1
DA:36,1
DA:37,1
DA:38,1
DA:39,1
DA:40,1
DA:41,1
DA:42,1
DA:44,0
DA:48,11
DA:50,11
DA:62,3
DA:63,3
DA:64,0
DA:83,33
DA:87,1
DA:88,1
DA:89,0
DA:111,1
DA:112,1
DA:113,0
DA:133,1
LF:38
LH:34
BRDA:17,0,0,11
BRDA:17,0,1,0
BRDA:26,1,0,1
BRDA:26,1,1,2
BRDA:26,2,0,3
BRDA:26,2,1,2
BRDA:31,3,0,1
BRDA:31,3,1,1
BRDA:48,4,0,11
BRDA:48,4,1,11
BRDA:63,5,0,0
BRDA:63,5,1,3
BRDA:71,6,0,1
BRDA:71,6,1,10
BRDA:85,7,0,33
BRDA:85,7,1,3
BRDA:88,8,0,0
BRDA:88,8,1,1
BRDA:97,9,0,33
BRDA:97,9,1,3
BRDA:104,10,0,1
BRDA:104,10,1,10
BRDA:112,11,0,0
BRDA:112,11,1,1
BRDA:120,12,0,0
BRDA:120,12,1,11
BRF:26
BRH:21
end_of_record
TN:
SF:src/features/rides/screens/HomeScreen.tsx
FN:33,(anonymous_0)
FN:35,(anonymous_1)
FN:36,(anonymous_2)
FN:37,(anonymous_3)
FN:42,(anonymous_4)
FN:44,(anonymous_5)
FN:44,(anonymous_6)
FN:48,(anonymous_7)
FN:52,(anonymous_8)
FN:76,(anonymous_9)
FN:80,(anonymous_10)
FN:110,(anonymous_11)
FN:114,(anonymous_12)
FN:139,(anonymous_13)
FN:143,(anonymous_14)
FNF:15
FNH:14
FNDA:7,(anonymous_0)
FNDA:8,(anonymous_1)
FNDA:9,(anonymous_2)
FNDA:9,(anonymous_3)
FNDA:4,(anonymous_4)
FNDA:3,(anonymous_5)
FNDA:6,(anonymous_6)
FNDA:4,(anonymous_7)
FNDA:1,(anonymous_8)
FNDA:14,(anonymous_9)
FNDA:1,(anonymous_10)
FNDA:14,(anonymous_11)
FNDA:0,(anonymous_12)
FNDA:14,(anonymous_13)
FNDA:1,(anonymous_14)
DA:14,3
DA:19,3
DA:28,3
DA:33,3
DA:34,7
DA:35,8
DA:36,9
DA:37,9
DA:39,7
DA:40,7
DA:42,7
DA:43,7
DA:44,6
DA:48,7
DA:50,7
DA:52,7
DA:53,1
DA:54,0
DA:57,1
DA:63,1
DA:67,7
DA:77,14
DA:80,1
DA:111,14
DA:114,0
DA:140,14
DA:143,1
DA:157,3
LF:28
LH:26
BRDA:44,0,0,3
BRDA:44,0,1,0
BRDA:50,1,0,1
BRDA:50,1,1,6
BRDA:53,2,0,0
BRDA:53,2,1,1
BRDA:79,3,0,14
BRDA:79,3,1,7
BRDA:86,4,0,14
BRDA:86,4,1,7
BRDA:113,5,0,14
BRDA:113,5,1,7
BRDA:122,6,0,14
BRDA:122,6,1,7
BRDA:132,7,0,4
BRDA:132,7,1,3
BRDA:142,8,0,14
BRDA:142,8,1,8
BRF:18
BRH:16
end_of_record
TN:
SF:src/navigation/MainTabs.tsx
FN:20,(anonymous_0)
FN:26,(anonymous_1)
FN:36,(anonymous_2)
FN:46,(anonymous_3)
FN:56,(anonymous_4)
FN:66,(anonymous_5)
FNF:6
FNH:6
FNDA:2,(anonymous_0)
FNDA:1,(anonymous_1)
FNDA:1,(anonymous_2)
FNDA:1,(anonymous_3)
FNDA:1,(anonymous_4)
FNDA:1,(anonymous_5)
DA:10,2
DA:12,2
DA:20,2
DA:21,2
DA:27,1
DA:37,1
DA:47,1
DA:57,1
DA:67,1
LF:9
LH:9
BRF:0
BRH:0
end_of_record
TN:
SF:src/services/api/client.ts
FN:3,(anonymous_0)
FN:6,(anonymous_1)
FNF:2
FNH:0
FNDA:0,(anonymous_0)
FNDA:0,(anonymous_1)
DA:2,0
DA:4,0
DA:7,0
LF:3
LH:0
BRF:0
BRH:0
end_of_record
TN:
SF:src/services/api/maps.ts
FN:23,(anonymous_0)
FNF:1
FNH:1
FNDA:2,(anonymous_0)
DA:8,1
DA:23,1
DA:24,2
DA:25,2
DA:26,2
DA:27,1
DA:29,1
LF:7
LH:7
BRDA:26,0,0,1
BRDA:26,0,1,1
BRF:2
BRH:2
end_of_record
TN:
SF:src/services/api/profile.ts
FN:6,(anonymous_0)
FN:10,(anonymous_1)
FNF:2
FNH:2
FNDA:1,(anonymous_0)
FNDA:1,(anonymous_1)
DA:6,1
DA:7,1
DA:10,1
DA:11,1
LF:4
LH:4
BRF:0
BRH:0
end_of_record
TN:
SF:src/store/useProfileStore.ts
FN:18,(anonymous_0)
FN:20,(anonymous_1)
FN:21,(anonymous_2)
FN:22,(anonymous_3)
FNF:4
FNH:4
FNDA:5,(anonymous_0)
FNDA:4,(anonymous_1)
FNDA:3,(anonymous_2)
FNDA:1,(anonymous_3)
DA:13,5
DA:18,5
DA:20,4
DA:21,3
DA:22,1
LF:5
LH:5
BRF:0
BRH:0
end_of_record
